<?xml version="1.0" encoding="UTF-8"?>
<testng-results ignored="0" total="3" passed="3" failed="0" skipped="0">
  <reporter-output>
  </reporter-output>
  <suite started-at="2025-02-25T14:13:32 IST" name="Suite" finished-at="2025-02-25T14:13:40 IST" duration-ms="8644">
    <groups>
      <group name="sanity">
        <method signature="TC_002_LoginTest.verifyLogin()[pri:0, instance:testCase.TC_002_LoginTest@7b9a4292]" name="verifyLogin" class="testCase.TC_002_LoginTest"/>
      </group> <!-- sanity -->
      <group name="master">
        <method signature="TC_002_LoginTest.verifyLogin()[pri:0, instance:testCase.TC_002_LoginTest@7b9a4292]" name="verifyLogin" class="testCase.TC_002_LoginTest"/>
      </group> <!-- master -->
    </groups>
    <test started-at="2025-02-25T14:13:32 IST" name="Test" finished-at="2025-02-25T14:13:40 IST" duration-ms="8644">
      <class name="testCase.TC_002_LoginTest">
        <test-method is-config="true" signature="setup(java.lang.String,java.lang.String)[pri:0, instance:testCase.TC_002_LoginTest@7b9a4292]" started-at="2025-02-25T14:13:32 IST" name="setup" finished-at="2025-02-25T14:13:37 IST" duration-ms="5086" status="PASS">
          <params>
            <param index="0">
              <value>
                <![CDATA[Windows]]>
              </value>
            </param>
            <param index="1">
              <value>
                <![CDATA[chrome]]>
              </value>
            </param>
          </params>
          <reporter-output>
          </reporter-output>
        </test-method> <!-- setup -->
        <test-method signature="verifyLogin()[pri:0, instance:testCase.TC_002_LoginTest@7b9a4292]" started-at="2025-02-25T14:13:37 IST" name="verifyLogin" finished-at="2025-02-25T14:13:40 IST" duration-ms="3005" status="PASS">
          <reporter-output>
          </reporter-output>
        </test-method> <!-- verifyLogin -->
        <test-method is-config="true" signature="tearDown()[pri:0, instance:testCase.TC_002_LoginTest@7b9a4292]" started-at="2025-02-25T14:13:40 IST" name="tearDown" finished-at="2025-02-25T14:13:40 IST" duration-ms="232" status="PASS">
          <reporter-output>
          </reporter-output>
        </test-method> <!-- tearDown -->
      </class> <!-- testCase.TC_002_LoginTest -->
    </test> <!-- Test -->
  </suite> <!-- Suite -->
  <suite started-at="2025-02-25T14:13:41 IST" name="Suite (0)" finished-at="2025-02-25T14:13:54 IST" duration-ms="12445">
    <groups>
      <group name="regression">
        <method signature="TC_001_AccountRegistrationTest.Verify_account_registration()[pri:0, instance:testCase.TC_001_AccountRegistrationTest@72967906]" name="Verify_account_registration" class="testCase.TC_001_AccountRegistrationTest"/>
      </group> <!-- regression -->
      <group name="sanity">
        <method signature="TC_002_LoginTest.verifyLogin()[pri:0, instance:testCase.TC_002_LoginTest@5b8dfcc1]" name="verifyLogin" class="testCase.TC_002_LoginTest"/>
      </group> <!-- sanity -->
      <group name="master">
        <method signature="TC_001_AccountRegistrationTest.Verify_account_registration()[pri:0, instance:testCase.TC_001_AccountRegistrationTest@72967906]" name="Verify_account_registration" class="testCase.TC_001_AccountRegistrationTest"/>
        <method signature="TC_002_LoginTest.verifyLogin()[pri:0, instance:testCase.TC_002_LoginTest@5b8dfcc1]" name="verifyLogin" class="testCase.TC_002_LoginTest"/>
      </group> <!-- master -->
    </groups>
    <test started-at="2025-02-25T14:13:41 IST" name="Test" finished-at="2025-02-25T14:13:54 IST" duration-ms="12445">
      <class name="testCase.TC_001_AccountRegistrationTest">
        <test-method is-config="true" signature="setup(java.lang.String,java.lang.String)[pri:0, instance:testCase.TC_001_AccountRegistrationTest@72967906]" started-at="2025-02-25T14:13:41 IST" name="setup" finished-at="2025-02-25T14:13:44 IST" duration-ms="2563" status="PASS">
          <params>
            <param index="0">
              <value>
                <![CDATA[Windows]]>
              </value>
            </param>
            <param index="1">
              <value>
                <![CDATA[chrome]]>
              </value>
            </param>
          </params>
          <reporter-output>
          </reporter-output>
        </test-method> <!-- setup -->
        <test-method signature="Verify_account_registration()[pri:0, instance:testCase.TC_001_AccountRegistrationTest@72967906]" started-at="2025-02-25T14:13:44 IST" name="Verify_account_registration" finished-at="2025-02-25T14:13:47 IST" duration-ms="3450" status="PASS">
          <reporter-output>
          </reporter-output>
        </test-method> <!-- Verify_account_registration -->
        <test-method is-config="true" signature="tearDown()[pri:0, instance:testCase.TC_001_AccountRegistrationTest@72967906]" started-at="2025-02-25T14:13:47 IST" name="tearDown" finished-at="2025-02-25T14:13:48 IST" duration-ms="234" status="PASS">
          <reporter-output>
          </reporter-output>
        </test-method> <!-- tearDown -->
      </class> <!-- testCase.TC_001_AccountRegistrationTest -->
      <class name="testCase.TC_002_LoginTest">
        <test-method is-config="true" signature="setup(java.lang.String,java.lang.String)[pri:0, instance:testCase.TC_002_LoginTest@5b8dfcc1]" started-at="2025-02-25T14:13:48 IST" name="setup" finished-at="2025-02-25T14:13:51 IST" duration-ms="3362" status="PASS">
          <params>
            <param index="0">
              <value>
                <![CDATA[Windows]]>
              </value>
            </param>
            <param index="1">
              <value>
                <![CDATA[chrome]]>
              </value>
            </param>
          </params>
          <reporter-output>
          </reporter-output>
        </test-method> <!-- setup -->
        <test-method signature="verifyLogin()[pri:0, instance:testCase.TC_002_LoginTest@5b8dfcc1]" started-at="2025-02-25T14:13:51 IST" name="verifyLogin" finished-at="2025-02-25T14:13:54 IST" duration-ms="2596" status="PASS">
          <reporter-output>
          </reporter-output>
        </test-method> <!-- verifyLogin -->
        <test-method is-config="true" signature="tearDown()[pri:0, instance:testCase.TC_002_LoginTest@5b8dfcc1]" started-at="2025-02-25T14:13:54 IST" name="tearDown" finished-at="2025-02-25T14:13:54 IST" duration-ms="230" status="PASS">
          <reporter-output>
          </reporter-output>
        </test-method> <!-- tearDown -->
      </class> <!-- testCase.TC_002_LoginTest -->
    </test> <!-- Test -->
  </suite> <!-- Suite (0) -->
</testng-results>
