<?xml version="1.0" encoding="UTF-8"?>
<!-- Generated by org.testng.reporters.JUnitXMLReporter -->
<testsuite ignored="1" hostname="Aevi" failures="0" tests="2" name="Test" time="12.445" errors="0" timestamp="2025-02-25T14:13:54 IST">
  <testcase classname="testCase.TC_001_AccountRegistrationTest" name="Verify_account_registration" time="3.45"/>
  <testcase classname="testCase.TC_002_LoginTest" name="verifyLogin" time="2.596"/>
  <testcase classname="testCase.TC_003_LoginDDT" name="verifyLoginDDT" time="0.0">
    <ignored/>
  </testcase> <!-- verifyLoginDDT -->
</testsuite> <!-- Test -->
