<?xml version="1.0" encoding="UTF-8"?>
<testng-results ignored="0" total="1" passed="1" failed="0" skipped="0">
  <reporter-output>
  </reporter-output>
  <suite started-at="2025-02-25T13:40:40 IST" name="Suite" finished-at="2025-02-25T13:40:46 IST" duration-ms="6003">
    <groups>
      <group name="sanity">
        <method signature="TC_002_LoginTest.verifyLogin()[pri:0, instance:testCase.TC_002_LoginTest@32502377]" name="verifyLogin" class="testCase.TC_002_LoginTest"/>
      </group> <!-- sanity -->
      <group name="master">
        <method signature="TC_002_LoginTest.verifyLogin()[pri:0, instance:testCase.TC_002_LoginTest@32502377]" name="verifyLogin" class="testCase.TC_002_LoginTest"/>
      </group> <!-- master -->
    </groups>
    <test started-at="2025-02-25T13:40:40 IST" name="Test" finished-at="2025-02-25T13:40:46 IST" duration-ms="6003">
      <class name="testCase.TC_002_LoginTest">
        <test-method is-config="true" signature="setup(java.lang.String,java.lang.String)[pri:0, instance:testCase.TC_002_LoginTest@32502377]" started-at="2025-02-25T13:40:40 IST" name="setup" finished-at="2025-02-25T13:40:44 IST" duration-ms="3461" status="PASS">
          <params>
            <param index="0">
              <value>
                <![CDATA[Windows]]>
              </value>
            </param>
            <param index="1">
              <value>
                <![CDATA[chrome]]>
              </value>
            </param>
          </params>
          <reporter-output>
          </reporter-output>
        </test-method> <!-- setup -->
        <test-method signature="verifyLogin()[pri:0, instance:testCase.TC_002_LoginTest@32502377]" started-at="2025-02-25T13:40:44 IST" name="verifyLogin" finished-at="2025-02-25T13:40:46 IST" duration-ms="2166" status="PASS">
          <reporter-output>
          </reporter-output>
        </test-method> <!-- verifyLogin -->
        <test-method is-config="true" signature="tearDown()[pri:0, instance:testCase.TC_002_LoginTest@32502377]" started-at="2025-02-25T13:40:46 IST" name="tearDown" finished-at="2025-02-25T13:40:46 IST" duration-ms="148" status="PASS">
          <reporter-output>
          </reporter-output>
        </test-method> <!-- tearDown -->
      </class> <!-- testCase.TC_002_LoginTest -->
    </test> <!-- Test -->
  </suite> <!-- Suite -->
</testng-results>
